C51 COMPILER V9.54   MAIN                                                                  10/15/2023 14:59:21 PAGE 1   


C51 COMPILER V9.54, COMPILATION OF MODULE MAIN
OBJECT MODULE PLACED IN .\Objects\main.obj
COMPILER INVOKED BY: D:\Software\keil_v5\C51\BIN\C51.EXE main.c OPTIMIZE(8,SPEED) BROWSE DEBUG OBJECTEXTEND PRINT(.\List
                    -ings\main.lst) TABS(2) OBJECT(.\Objects\main.obj)

line level    source

   1          #include <REGX52.H>
   2          #include <INTRINS.H>
   3          
   4          #define LED_PORT P2 // P2端口
   5          
   6          void Delay(unsigned int t)  //@12.000MHz
   7          {
   8   1        unsigned char data i, j;
   9   1        while(t>0){
  10   2          i = 2;
  11   2          j = 239;
  12   2          do
  13   2          {
  14   3            while (--j);
  15   3          } while (--i);
  16   2          t--;
  17   2        }
  18   1      }
  19          
  20          
  21          void main()
  22          {
  23   1        // 流水灯，法一
  24   1        /*
  25   1        while(1)
  26   1        {
  27   1          // D0
  28   1          P2=0xFE; // 1111 1110
  29   1          Delay(500);
  30   1          P2=0xFF;
  31   1          Delay(500);
  32   1          
  33   1          // D1
  34   1          P2=0xFD; // 1111 1101
  35   1          Delay(500);
  36   1          P2=0xFF;
  37   1          Delay(500);
  38   1          
  39   1          // D2
  40   1          P2=0xFB; // 1111 1011
  41   1          Delay(500);
  42   1          P2=0xFF;
  43   1          Delay(500);
  44   1          
  45   1          // D3
  46   1          P2=0xF7; // 1111 0111
  47   1          Delay(500);
  48   1          P2=0xFF;
  49   1          Delay(500);
  50   1          
  51   1          // D4
  52   1          P2=0xEF; // 1110 1111
  53   1          Delay(500);
  54   1          P2=0xFF;
C51 COMPILER V9.54   MAIN                                                                  10/15/2023 14:59:21 PAGE 2   

  55   1          Delay(500);
  56   1          
  57   1          // D5
  58   1          P2=0xDF; // 1101 1111
  59   1          Delay(500);
  60   1          P2=0xFF;
  61   1          Delay(500);
  62   1          
  63   1          // D6
  64   1          P2=0xBF; // 1011 1111
  65   1          Delay(500);
  66   1          P2=0xFF;
  67   1          Delay(500);
  68   1          
  69   1          // D7
  70   1          P2=0x7F; // 011 1111
  71   1          Delay(500);
  72   1          P2=0xFF;
  73   1          Delay(500);
  74   1          
  75   1        }
  76   1        */
  77   1        // 法二
  78   1        P2=~0x01;  // ~ 表示按位取反
  79   1        Delay(500);
  80   1        while(1)
  81   1        {
  82   2          P2=~(~P2<<1); // 左移运算符
  83   2          Delay(500);
  84   2          
  85   2          if(~P2==0x80) {
  86   3            // P2=~0x01;
  87   3            // Delay(500);
  88   3            
  89   3            while(1){
  90   4              P2=~(~P2>>1); // 右移运算符
  91   4              Delay(500);
  92   4              if(P2==~0x01) break;
  93   4            }
  94   3            
  95   3          }
  96   2        }
  97   1            
  98   1        
  99   1        
 100   1        
 101   1      }


MODULE INFORMATION:   STATIC OVERLAYABLE
   CODE SIZE        =     68    ----
   CONSTANT SIZE    =   ----    ----
   XDATA SIZE       =   ----    ----
   PDATA SIZE       =   ----    ----
   DATA SIZE        =   ----    ----
   IDATA SIZE       =   ----    ----
   BIT SIZE         =   ----    ----
END OF MODULE INFORMATION.


C51 COMPILATION COMPLETE.  0 WARNING(S),  0 ERROR(S)
