C51 COMPILER V9.54   KEYBOARD                                                              10/20/2023 19:57:37 PAGE 1   


C51 COMPILER V9.54, COMPILATION OF MODULE KEYBOARD
OBJECT MODULE PLACED IN .\Objects\Keyboard.obj
COMPILER INVOKED BY: D:\Software\keil_v5\C51\BIN\C51.EXE Keyboard.c OPTIMIZE(8,SPEED) BROWSE DEBUG OBJECTEXTEND PRINT(.\
                    -Listings\Keyboard.lst) TABS(2) OBJECT(.\Objects\Keyboard.obj)

line level    source

   1          #include "Keyboard.h"
   2          #include "Delay.h"
   3          
   4          unsigned char KeyMonitor()
   5          {
   6   1        if(!Btn1){
   7   2          Delay10us(1600); // 按下消抖 10ms左右
   8   2          while(Btn1==0){}
   9   2          Delay10us(1600); // 释放销抖
  10   2          return Key1;
  11   2          
  12   2        }else if(!Btn2){
  13   2          Delay10us(1600);
  14   2          while(Btn2==0){}
  15   2          Delay10us(1600);
  16   2          return Key2;
  17   2          
  18   2        }else if(!Btn3){
  19   2          Delay10us(1600);
  20   2          while(Btn3==0){}
  21   2          Delay10us(1600);
  22   2          return Key3;
  23   2          
  24   2        }else if(!Btn4){
  25   2          Delay10us(1600);
  26   2          while(Btn4==0){}
  27   2          Delay10us(1600);
  28   2          return Key4;
  29   2          
  30   2        }else{
  31   2          return Key0;
  32   2        }
  33   1      }


MODULE INFORMATION:   STATIC OVERLAYABLE
   CODE SIZE        =     95    ----
   CONSTANT SIZE    =   ----    ----
   XDATA SIZE       =   ----    ----
   PDATA SIZE       =   ----    ----
   DATA SIZE        =   ----    ----
   IDATA SIZE       =   ----    ----
   BIT SIZE         =   ----    ----
END OF MODULE INFORMATION.


C51 COMPILATION COMPLETE.  0 WARNING(S),  0 ERROR(S)
