C51 COMPILER V9.54   MATRIXKEY                                                             10/20/2023 19:57:37 PAGE 1   


C51 COMPILER V9.54, COMPILATION OF MODULE MATRIXKEY
OBJECT MODULE PLACED IN .\Objects\MatrixKey.obj
COMPILER INVOKED BY: D:\Software\keil_v5\C51\BIN\C51.EXE MatrixKey.c OPTIMIZE(8,SPEED) BROWSE DEBUG OBJECTEXTEND PRINT(.
                    -\Listings\MatrixKey.lst) TABS(2) OBJECT(.\Objects\MatrixKey.obj)

line level    source

   1          #include "MatrixKey.h"
   2          #include "Delay.h"
   3          
   4          /*
   5          行列扫描法
   6          全部的管脚设置高电平,再将
   7          控制第一列的p13设置0,让其
   8          处于低电平,在而依次判断控
   9          制各行的管脚,若S1按下,
  10          p17和p13组成局部闭合回路,
  11          没用电器造成局部短路,电压
  12          为0,至此p17变为低电平
  13          
  14          */
  15          
  16          char MatrixKeyMonitor()
  17          {
  18   1        int key=Key0;
  19   1        // 扫描第一列
  20   1        P1=0xff;
  21   1        Col1=0;
  22   1        if(!Row1){Delay10us(1600);while(Row1==0);Delay10us(1600);key=Key13;}
  23   1        if(!Row2){Delay10us(1600);while(Row2==0);Delay10us(1600);key=Key9;}
  24   1        if(!Row3){Delay10us(1600);while(Row3==0);Delay10us(1600);key=Key5;}
  25   1        if(!Row4){Delay10us(1600);while(Row4==0);Delay10us(1600);key=Key1;}
  26   1        
  27   1        // 扫描第二列
  28   1        P1=0xff;
  29   1        Col2=0;
  30   1        if(!Row1){Delay10us(1600);while(Row1==0);Delay10us(1600);key=Key14;}
  31   1        if(!Row2){Delay10us(1600);while(Row2==0);Delay10us(1600);key=Key10;}
  32   1        if(!Row3){Delay10us(1600);while(Row3==0);Delay10us(1600);key=Key6;}
  33   1        if(!Row4){Delay10us(1600);while(Row4==0);Delay10us(1600);key=Key2;}
  34   1        
  35   1        // 扫描第三列
  36   1        P1=0xff;
  37   1        Col3=0;
  38   1        if(!Row1){Delay10us(1600);while(Row1==0);Delay10us(1600);key=Key15;}
  39   1        if(!Row2){Delay10us(1600);while(Row2==0);Delay10us(1600);key=Key11;}
  40   1        if(!Row3){Delay10us(1600);while(Row3==0);Delay10us(1600);key=Key7;}
  41   1        if(!Row4){Delay10us(1600);while(Row4==0);Delay10us(1600);key=Key3;}
  42   1        
  43   1        // 扫描第四列
  44   1        P1=0xff;
  45   1        Col4=0;
  46   1        if(!Row1){Delay10us(1600);while(Row1==0);Delay10us(1600);key=Key16;}
  47   1        if(!Row2){Delay10us(1600);while(Row2==0);Delay10us(1600);key=Key12;}
  48   1        if(!Row3){Delay10us(1600);while(Row3==0);Delay10us(1600);key=Key8;}
  49   1        if(!Row4){Delay10us(1600);while(Row4==0);Delay10us(1600);key=Key4;}
  50   1        
  51   1        return key;
  52   1      }


C51 COMPILER V9.54   MATRIXKEY                                                             10/20/2023 19:57:37 PAGE 2   

MODULE INFORMATION:   STATIC OVERLAYABLE
   CODE SIZE        =    444    ----
   CONSTANT SIZE    =   ----    ----
   XDATA SIZE       =   ----    ----
   PDATA SIZE       =   ----    ----
   DATA SIZE        =   ----       2
   IDATA SIZE       =   ----    ----
   BIT SIZE         =   ----    ----
END OF MODULE INFORMATION.


C51 COMPILATION COMPLETE.  0 WARNING(S),  0 ERROR(S)
