C51 COMPILER V9.54   MATRIX                                                                10/15/2023 21:12:54 PAGE 1   


C51 COMPILER V9.54, COMPILATION OF MODULE MATRIX
OBJECT MODULE PLACED IN .\Objects\matrix.obj
COMPILER INVOKED BY: D:\Software\keil_v5\C51\BIN\C51.EXE matrix.c OPTIMIZE(8,SPEED) BROWSE DEBUG OBJECTEXTEND PRINT(.\Li
                    -stings\matrix.lst) TABS(2) OBJECT(.\Objects\matrix.obj)

line level    source

   1          #include <REGX52.H>
   2          #include "delay.h"
   3          
   4          sbit RCK=P3^5;
   5          sbit SCK=P3^6;
   6          sbit SER=P3^4;
   7          
   8          #define matrix_led_port   P0
   9          
  10          void _74HC595_writebyte(unsigned char byte)
  11          {
  12   1        unsigned char i;
  13   1        for(i=0;i<8;i++)
  14   1        {
  15   2            SER=byte&(0x80>>i);
  16   2            SCK=1;
  17   2            SCK=0;
  18   2        }
  19   1          RCK=1;
  20   1          RCK=0;
  21   1      
  22   1      }
  23          
  24          void matrix_init()
  25          {
  26   1          SCK=0;
  27   1        RCK=0;
  28   1      }
  29          
  30          void matrix_showcol(unsigned char col,Data)
  31          {
  32   1          _74HC595_writebyte(Data);
  33   1          matrix_led_port=~(0X80>>col);
  34   1          delay(1);
  35   1          matrix_led_port=0XFF;
  36   1      }


MODULE INFORMATION:   STATIC OVERLAYABLE
   CODE SIZE        =     84    ----
   CONSTANT SIZE    =   ----    ----
   XDATA SIZE       =   ----    ----
   PDATA SIZE       =   ----    ----
   DATA SIZE        =   ----    ----
   IDATA SIZE       =   ----    ----
   BIT SIZE         =   ----    ----
END OF MODULE INFORMATION.


C51 COMPILATION COMPLETE.  0 WARNING(S),  0 ERROR(S)
