C51 COMPILER V9.54   DELAY                                                                 10/20/2023 19:08:23 PAGE 1   


C51 COMPILER V9.54, COMPILATION OF MODULE DELAY
OBJECT MODULE PLACED IN .\Objects\Delay.obj
COMPILER INVOKED BY: D:\Software\keil_v5\C51\BIN\C51.EXE Delay.c OPTIMIZE(8,SPEED) BROWSE DEBUG OBJECTEXTEND PRINT(.\Lis
                    -tings\Delay.lst) TABS(2) OBJECT(.\Objects\Delay.obj)

line level    source

   1          #include "Delay.h"
   2          
   3          void Delay(unsigned int t)  //@11.0592MHz 1ms
   4          {
   5   1        unsigned char data i, j;
   6   1        while(t>0){
   7   2          i = 11;
   8   2          j = 190;
   9   2          do
  10   2          {
  11   3            while (--j);
  12   3          } while (--i);
  13   2          t--;
  14   2        }
  15   1      }
  16          
  17          void Delay10us(unsigned int t)  //@11.0592MHz 1us
  18          {
  19   1        unsigned char data i;
  20   1        while(t>0){
  21   2          i = 25;
  22   2          while (--i);
  23   2          t--;
  24   2        }
  25   1      }     


MODULE INFORMATION:   STATIC OVERLAYABLE
   CODE SIZE        =     46    ----
   CONSTANT SIZE    =   ----    ----
   XDATA SIZE       =   ----    ----
   PDATA SIZE       =   ----    ----
   DATA SIZE        =   ----    ----
   IDATA SIZE       =   ----    ----
   BIT SIZE         =   ----    ----
END OF MODULE INFORMATION.


C51 COMPILATION COMPLETE.  0 WARNING(S),  0 ERROR(S)
