C51 COMPILER V9.54   TIMER                                                                 10/22/2023 14:01:45 PAGE 1   


C51 COMPILER V9.54, COMPILATION OF MODULE TIMER
OBJECT MODULE PLACED IN .\Objects\Timer.obj
COMPILER INVOKED BY: D:\Software\keil_v5\C51\BIN\C51.EXE Timer.c OPTIMIZE(8,SPEED) BROWSE DEBUG OBJECTEXTEND PRINT(.\Lis
                    -tings\Timer.lst) TABS(2) OBJECT(.\Objects\Timer.obj)

line level    source

   1          #include "Time.h"
*** WARNING C318 IN LINE 1 OF Timer.c: can't open file 'Time.h'
   2          #include <REGX52.H>
   3          
   4          void Timer0_Init(void)    //1毫秒@11.0592MHz
   5          {
   6   1        // AUXR &= 0x7F;      //定时器时钟12T模式
   7   1        TMOD &= 0xF0;     //设置定时器模式
   8   1        TMOD |= 0x01;     //设置定时器模式
   9   1        TL0 = 0x66;       //设置定时初始值
  10   1        TH0 = 0xFC;       //设置定时初始值
  11   1        TF0 = 0;        //清除TF0标志
  12   1        TR0 = 1;        //定时器0开始计时
  13   1        ET0 = 1;        //使能定时器0中断
  14   1        EA=1;           //允许总中断
  15   1        PT0=0;          //中断优先级
  16   1      }
  17          /* 中断操作模板
  18          void Timer0_Isr(void) interrupt 1
  19          {
  20            static unsigned int T0Count=0;
  21            TL0 = 0x66;       //设置定时初始值
  22            TH0 = 0xFC;       //设置定时初始值
  23            T0Count++;
  24            if(T0Count>=1000){
  25              T0Count=0;
  26              P2_0=~P2_0; // 中断后操作
  27            }
  28          }
  29          */
  30          
  31          
  32          
  33          void Timer1_Init(void)    //1毫秒@11.0592MHz
  34          {
  35   1        // AUXR &= 0xBF;      //定时器时钟12T模式
  36   1        TMOD &= 0x0F;     //设置定时器模式
  37   1        TMOD |= 0x10;     //设置定时器模式
  38   1        TL1 = 0x66;       //设置定时初始值
  39   1        TH1 = 0xFC;       //设置定时初始值
  40   1        TF1 = 0;        //清除TF1标志
  41   1        TR1 = 1;        //定时器1开始计时
  42   1        ET1 = 1;        //使能定时器1中断
  43   1        EA=1;           //允许总中断
  44   1        PT0=0;          //中断优先级
  45   1      }
  46          
  47          /* 中断操作模板
  48          void Timer1_Isr(void) interrupt 3
  49          {
  50            static unsigned int T1Count=0;
  51            TL1 = 0x66;       //设置定时初始值
  52            TH1 = 0xFC;       //设置定时初始值
  53            T1Count++;
C51 COMPILER V9.54   TIMER                                                                 10/22/2023 14:01:45 PAGE 2   

  54            if(T1Count>=1000){
  55              T1Count=0;
  56              P2_4=~P2_4; // 中断后操作
  57            }
  58          }
  59          */


MODULE INFORMATION:   STATIC OVERLAYABLE
   CODE SIZE        =     46    ----
   CONSTANT SIZE    =   ----    ----
   XDATA SIZE       =   ----    ----
   PDATA SIZE       =   ----    ----
   DATA SIZE        =   ----    ----
   IDATA SIZE       =   ----    ----
   BIT SIZE         =   ----    ----
END OF MODULE INFORMATION.


C51 COMPILATION COMPLETE.  1 WARNING(S),  0 ERROR(S)
