C51 COMPILER V9.54   MAIN                                                                  10/20/2023 20:03:57 PAGE 1   


C51 COMPILER V9.54, COMPILATION OF MODULE MAIN
OBJECT MODULE PLACED IN .\Objects\main.obj
COMPILER INVOKED BY: D:\Software\keil_v5\C51\BIN\C51.EXE main.c OPTIMIZE(8,SPEED) BROWSE DEBUG OBJECTEXTEND PRINT(.\List
                    -ings\main.lst) TABS(2) OBJECT(.\Objects\main.obj)

line level    source

   1          /*
   2          矩阵键盘
   3            优点
   4              多个按键时，可以减少io口的使用，该模块只占用了8GPIO，
   5              将每一行按键的引脚(pad)串接在一个gpio，
   6              将每一列按键的引脚(pad)串接在一个gpio。
   7          
   8          按键扫描
   9            按列扫描
  10            按行扫描
  11              行列扫描法
  12              全部的管脚设置高电平,再将
  13              控制第一列的p13设置0,让其
  14              处于低电平,在而依次判断控
  15              制各行的管脚,若S1按下,
  16              p17和p13组成局部闭合回路,  
  17              没用电器造成局部短路,电压
  18              为0,至此p17变为低电平
  19            
  20          */
  21          
  22          #include <REGX52.H>
  23          #include "Delay.h"
  24          #include "LCD1602.H"
  25          #include "MatrixKey.h"
  26          
  27          typedef unsigned char u8;
  28          typedef unsigned int u16;
  29          
  30          // 定义按键的管脚 P1组,P1.0~P1.3控制列，P1.4~P1.7控制行
  31          
  32          
  33          void main()
  34          {
  35   1        LCD_Init();
  36   1        while(1)
  37   1        {
  38   2          switch(MatrixKeyMonitor())
  39   2          {
  40   3            case 1:
  41   3              LCD_Init();
  42   3              LCD_ShowString(1,1,"1");
  43   3              break;
  44   3            case 2:
  45   3              LCD_Init();
  46   3              LCD_ShowString(1,1,"2");
  47   3              break;
  48   3            case 3:
  49   3              LCD_Init();
  50   3              LCD_ShowString(1,1,"3");
  51   3              break;
  52   3            case 4:
  53   3              LCD_Init();
  54   3              LCD_ShowString(1,1,"4");
C51 COMPILER V9.54   MAIN                                                                  10/20/2023 20:03:57 PAGE 2   

  55   3              break;
  56   3            case 5:
  57   3              LCD_Init();
  58   3              LCD_ShowString(1,1,"5");
  59   3              break;
  60   3            case 6:
  61   3              LCD_Init();
  62   3              LCD_ShowString(1,1,"6");
  63   3              break;
  64   3            case 7:
  65   3              LCD_Init();
  66   3              LCD_ShowString(1,1,"7");
  67   3              break;
  68   3            case 8:
  69   3              LCD_Init();
  70   3              LCD_ShowString(1,1,"8");
  71   3              break;
  72   3            case 9:
  73   3              LCD_Init();
  74   3              LCD_ShowString(1,1,"9");
  75   3              break;
  76   3            case 10:
  77   3              LCD_Init();
  78   3              LCD_ShowString(1,1,"10");
  79   3              break;
  80   3            case 11:
  81   3              LCD_Init();
  82   3              LCD_ShowString(1,1,"11");
  83   3              break;
  84   3            case 12:
  85   3              LCD_Init();
  86   3              LCD_ShowString(1,1,"12");
  87   3              break;
  88   3            case 13:
  89   3              LCD_Init();
  90   3              LCD_ShowString(1,1,"13");
  91   3              break;
  92   3            case 14:
  93   3              LCD_Init();
  94   3              LCD_ShowString(1,1,"14");
  95   3              break;
  96   3            case 15:
  97   3              LCD_Init();
  98   3              LCD_ShowString(1,1,"15");
  99   3              break;
 100   3            case 16:
 101   3              LCD_Init();
 102   3              LCD_ShowString(1,1,"16");
 103   3              break;
 104   3            
 105   3            default:
 106   3            {}
 107   3          }
 108   2        }
 109   1      }


MODULE INFORMATION:   STATIC OVERLAYABLE
   CODE SIZE        =    270    ----
   CONSTANT SIZE    =     39    ----
   XDATA SIZE       =   ----    ----
   PDATA SIZE       =   ----    ----
C51 COMPILER V9.54   MAIN                                                                  10/20/2023 20:03:57 PAGE 3   

   DATA SIZE        =   ----    ----
   IDATA SIZE       =   ----    ----
   BIT SIZE         =   ----    ----
END OF MODULE INFORMATION.


C51 COMPILATION COMPLETE.  0 WARNING(S),  0 ERROR(S)
